# JRE version: OpenJDK Runtime Environment (21.0.3) (build 21.0.3+-12282718-b509.11)
# Java VM: OpenJDK 64-Bit Server VM (21.0.3+-12282718-b509.11, mixed mode, tiered, compressed oops, compressed class ptrs, g1 gc, linux-amd64)
GC Precious Log:
 CardTable entry size: 512
 Card Set container configuration: InlinePtr #cards 4 size 8 Array Of Cards #cards 16 size 48 Howl #buckets 8 coarsen threshold 3686 Howl Bitmap #cards 512 size 80 coarsen threshold 460 Card regions per heap region 1 cards per card region 4096
 CPUs: 4 total, 4 available
 Memory: 7837M
 Large Page Support: Disabled
 NUMA Support: Disabled
 Compressed Oops: Enabled (Zero based)
 Heap Region Size: 2M
 Heap Min Capacity: 8M
 Heap Initial Capacity: 124M
 Heap Max Capacity: 4G
 Pre-touch: Disabled
 Parallel Workers: 4
 Concurrent Workers: 1
 Concurrent Refinement Workers: 4
 Periodic GC: Disabled
Heap:
 garbage-first heap   total 471040K, used 303080K [0x0000000700000000, 0x0000000800000000)
  region size 2048K, 78 young (159744K), 17 survivors (34816K)
 Metaspace       used 174008K, committed 176448K, reserved 1245184K
  class space    used 22341K, committed 23552K, reserved 1048576K
GC Heap History (20 events):
Event: 995.217 GC heap before
{Heap before GC invocations=46 (full 0):
 garbage-first heap   total 462848K, used 334465K [0x0000000700000000, 0x0000000800000000)
  region size 2048K, 135 young (276480K), 6 survivors (12288K)
 Metaspace       used 83964K, committed 85824K, reserved 1179648K
  class space    used 11688K, committed 12608K, reserved 1048576K
}
Event: 995.251 GC heap after
{Heap after GC invocations=47 (full 0):
 garbage-first heap   total 462848K, used 68441K [0x0000000700000000, 0x0000000800000000)
  region size 2048K, 6 young (12288K), 6 survivors (12288K)
 Metaspace       used 83964K, committed 85824K, reserved 1179648K
  class space    used 11688K, committed 12608K, reserved 1048576K
}
Event: 1002.711 GC heap before
{Heap before GC invocations=47 (full 0):
 garbage-first heap   total 462848K, used 336729K [0x0000000700000000, 0x0000000800000000)
  region size 2048K, 135 young (276480K), 6 survivors (12288K)
 Metaspace       used 101962K, committed 103872K, reserved 1179648K
  class space    used 13955K, committed 14912K, reserved 1048576K
}
Event: 1002.743 GC heap after
{Heap after GC invocations=48 (full 0):
 garbage-first heap   total 462848K, used 91070K [0x0000000700000000, 0x0000000800000000)
  region size 2048K, 14 young (28672K), 14 survivors (28672K)
 Metaspace       used 101962K, committed 103872K, reserved 1179648K
  class space    used 13955K, committed 14912K, reserved 1048576K
}
Event: 1006.687 GC heap before
{Heap before GC invocations=48 (full 0):
 garbage-first heap   total 462848K, used 338878K [0x0000000700000000, 0x0000000800000000)
  region size 2048K, 135 young (276480K), 14 survivors (28672K)
 Metaspace       used 109401K, committed 111360K, reserved 1179648K
  class space    used 14837K, committed 15808K, reserved 1048576K
}
Event: 1006.742 GC heap after
{Heap after GC invocations=49 (full 0):
 garbage-first heap   total 462848K, used 98003K [0x0000000700000000, 0x0000000800000000)
  region size 2048K, 13 young (26624K), 13 survivors (26624K)
 Metaspace       used 109401K, committed 111360K, reserved 1179648K
  class space    used 14837K, committed 15808K, reserved 1048576K
}
Event: 1008.424 GC heap before
{Heap before GC invocations=49 (full 0):
 garbage-first heap   total 462848K, used 347859K [0x0000000700000000, 0x0000000800000000)
  region size 2048K, 135 young (276480K), 13 survivors (26624K)
 Metaspace       used 109714K, committed 111680K, reserved 1179648K
  class space    used 14854K, committed 15808K, reserved 1048576K
}
Event: 1008.483 GC heap after
{Heap after GC invocations=50 (full 0):
 garbage-first heap   total 462848K, used 98280K [0x0000000700000000, 0x0000000800000000)
  region size 2048K, 4 young (8192K), 4 survivors (8192K)
 Metaspace       used 109714K, committed 111680K, reserved 1179648K
  class space    used 14854K, committed 15808K, reserved 1048576K
}
Event: 1009.993 GC heap before
{Heap before GC invocations=50 (full 0):
 garbage-first heap   total 462848K, used 366568K [0x0000000700000000, 0x0000000800000000)
  region size 2048K, 135 young (276480K), 4 survivors (8192K)
 Metaspace       used 109725K, committed 111680K, reserved 1179648K
  class space    used 14854K, committed 15808K, reserved 1048576K
}
Event: 1010.011 GC heap after
{Heap after GC invocations=51 (full 0):
 garbage-first heap   total 462848K, used 98260K [0x0000000700000000, 0x0000000800000000)
  region size 2048K, 4 young (8192K), 4 survivors (8192K)
 Metaspace       used 109725K, committed 111680K, reserved 1179648K
  class space    used 14854K, committed 15808K, reserved 1048576K
}
Event: 1011.239 GC heap before
{Heap before GC invocations=51 (full 0):
 garbage-first heap   total 462848K, used 366548K [0x0000000700000000, 0x0000000800000000)
  region size 2048K, 135 young (276480K), 4 survivors (8192K)
 Metaspace       used 109726K, committed 111680K, reserved 1179648K
  class space    used 14854K, committed 15808K, reserved 1048576K
}
Event: 1011.253 GC heap after
{Heap after GC invocations=52 (full 0):
 garbage-first heap   total 462848K, used 99084K [0x0000000700000000, 0x0000000800000000)
  region size 2048K, 5 young (10240K), 5 survivors (10240K)
 Metaspace       used 109726K, committed 111680K, reserved 1179648K
  class space    used 14854K, committed 15808K, reserved 1048576K
}
Event: 1012.689 GC heap before
{Heap before GC invocations=53 (full 0):
 garbage-first heap   total 458752K, used 363276K [0x0000000700000000, 0x0000000800000000)
  region size 2048K, 134 young (274432K), 5 survivors (10240K)
 Metaspace       used 109681K, committed 111680K, reserved 1179648K
  class space    used 14839K, committed 15808K, reserved 1048576K
}
Event: 1012.703 GC heap after
{Heap after GC invocations=54 (full 0):
 garbage-first heap   total 458752K, used 97457K [0x0000000700000000, 0x0000000800000000)
  region size 2048K, 4 young (8192K), 4 survivors (8192K)
 Metaspace       used 109681K, committed 111680K, reserved 1179648K
  class space    used 14839K, committed 15808K, reserved 1048576K
}
Event: 1016.439 GC heap before
{Heap before GC invocations=54 (full 0):
 garbage-first heap   total 458752K, used 375985K [0x0000000700000000, 0x0000000800000000)
  region size 2048K, 134 young (274432K), 4 survivors (8192K)
 Metaspace       used 128035K, committed 130112K, reserved 1179648K
  class space    used 17539K, committed 18560K, reserved 1048576K
}
Event: 1016.508 GC heap after
{Heap after GC invocations=55 (full 0):
 garbage-first heap   total 458752K, used 134842K [0x0000000700000000, 0x0000000800000000)
  region size 2048K, 17 young (34816K), 17 survivors (34816K)
 Metaspace       used 128035K, committed 130112K, reserved 1179648K
  class space    used 17539K, committed 18560K, reserved 1048576K
}
Event: 1022.092 GC heap before
{Heap before GC invocations=55 (full 0):
 garbage-first heap   total 458752K, used 374458K [0x0000000700000000, 0x0000000800000000)
  region size 2048K, 134 young (274432K), 17 survivors (34816K)
 Metaspace       used 148458K, committed 150848K, reserved 1179648K
  class space    used 19873K, committed 21056K, reserved 1048576K
}
Event: 1022.207 GC heap after
{Heap after GC invocations=56 (full 0):
 garbage-first heap   total 458752K, used 152320K [0x0000000700000000, 0x0000000800000000)
  region size 2048K, 8 young (16384K), 8 survivors (16384K)
 Metaspace       used 148458K, committed 150848K, reserved 1179648K
  class space    used 19873K, committed 21056K, reserved 1048576K
}
Event: 1032.295 GC heap before
{Heap before GC invocations=57 (full 0):
 garbage-first heap   total 458752K, used 428800K [0x0000000700000000, 0x0000000800000000)
  region size 2048K, 132 young (270336K), 8 survivors (16384K)
 Metaspace       used 168218K, committed 170688K, reserved 1245184K
  class space    used 21890K, committed 23104K, reserved 1048576K
}
Event: 1032.421 GC heap after
{Heap after GC invocations=58 (full 0):
 garbage-first heap   total 471040K, used 180200K [0x0000000700000000, 0x0000000800000000)
  region size 2048K, 17 young (34816K), 17 survivors (34816K)
 Metaspace       used 168218K, committed 170688K, reserved 1245184K
  class space    used 21890K, committed 23104K, reserved 1048576K
}

